# JRE version: OpenJDK Runtime Environment (22.0+36) (build 22+36-2370)
# Java VM: OpenJDK 64-Bit Server VM (22+36-2370, mixed mode, sharing, tiered, compressed oops, compressed class ptrs, g1 gc, windows-amd64)
GC Precious Log:
 CardTable entry size: 512
 Card Set container configuration: InlinePtr #cards 5 size 8 Array Of Cards #cards 12 size 40 Howl #buckets 4 coarsen threshold 1843 Howl Bitmap #cards 512 size 80 coarsen threshold 460 Card regions per heap region 1 cards per card region 2048
 CPUs: 4 total, 4 available
 Memory: 4010M
 Large Page Support: Disabled
 NUMA Support: Disabled
 Compressed Oops: Enabled (32-bit)
 Heap Region Size: 1M
 Heap Min Capacity: 8M
 Heap Initial Capacity: 64M
 Heap Max Capacity: 1004M
 Pre-touch: Disabled
 Parallel Workers: 4
 Concurrent Workers: 1
 Concurrent Refinement Workers: 4
 Periodic GC: Disabled
Heap:
 garbage-first heap   total reserved 1028096K, committed 34816K, used 18747K [0x00000000c1400000, 0x0000000100000000)
  region size 1024K, 10 young (10240K), 3 survivors (3072K)
 Metaspace       used 26509K, committed 27008K, reserved 1114112K
  class space    used 3355K, committed 3584K, reserved 1048576K
GC Heap History (8 events):
Event: 1.713 GC heap before
{Heap before GC invocations=0 (full 0):
 garbage-first heap   total reserved 1028096K, committed 65536K, used 13312K [0x00000000c1400000, 0x0000000100000000)
  region size 1024K, 14 young (14336K), 0 survivors (0K)
 Metaspace       used 4635K, committed 4928K, reserved 1114112K
  class space    used 518K, committed 640K, reserved 1048576K
}
Event: 1.734 GC heap after
{Heap after GC invocations=1 (full 0):
 garbage-first heap   total reserved 1028096K, committed 65536K, used 3776K [0x00000000c1400000, 0x0000000100000000)
  region size 1024K, 2 young (2048K), 2 survivors (2048K)
 Metaspace       used 4635K, committed 4928K, reserved 1114112K
  class space    used 518K, committed 640K, reserved 1048576K
}
Event: 2.901 GC heap before
{Heap before GC invocations=1 (full 0):
 garbage-first heap   total reserved 1028096K, committed 65536K, used 20160K [0x00000000c1400000, 0x0000000100000000)
  region size 1024K, 19 young (19456K), 2 survivors (2048K)
 Metaspace       used 10002K, committed 10304K, reserved 1114112K
  class space    used 1193K, committed 1344K, reserved 1048576K
}
Event: 2.908 GC heap after
{Heap after GC invocations=2 (full 0):
 garbage-first heap   total reserved 1028096K, committed 65536K, used 5779K [0x00000000c1400000, 0x0000000100000000)
  region size 1024K, 2 young (2048K), 2 survivors (2048K)
 Metaspace       used 10002K, committed 10304K, reserved 1114112K
  class space    used 1193K, committed 1344K, reserved 1048576K
}
Event: 4.613 GC heap before
{Heap before GC invocations=2 (full 0):
 garbage-first heap   total reserved 1028096K, committed 65536K, used 42643K [0x00000000c1400000, 0x0000000100000000)
  region size 1024K, 38 young (38912K), 2 survivors (2048K)
 Metaspace       used 17398K, committed 17664K, reserved 1114112K
  class space    used 2127K, committed 2240K, reserved 1048576K
}
Event: 4.625 GC heap after
{Heap after GC invocations=3 (full 0):
 garbage-first heap   total reserved 1028096K, committed 65536K, used 8638K [0x00000000c1400000, 0x0000000100000000)
  region size 1024K, 5 young (5120K), 5 survivors (5120K)
 Metaspace       used 17398K, committed 17664K, reserved 1114112K
  class space    used 2127K, committed 2240K, reserved 1048576K
}
Event: 5.870 GC heap before
{Heap before GC invocations=3 (full 0):
 garbage-first heap   total reserved 1028096K, committed 65536K, used 26046K [0x00000000c1400000, 0x0000000100000000)
  region size 1024K, 23 young (23552K), 5 survivors (5120K)
 Metaspace       used 21089K, committed 21504K, reserved 1114112K
  class space    used 2638K, committed 2816K, reserved 1048576K
}
Event: 5.892 GC heap after
{Heap after GC invocations=4 (full 0):
 garbage-first heap   total reserved 1028096K, committed 65536K, used 9938K [0x00000000c1400000, 0x0000000100000000)
  region size 1024K, 2 young (2048K), 2 survivors (2048K)
 Metaspace       used 21089K, committed 21504K, reserved 1114112K
  class space    used 2638K, committed 2816K, reserved 1048576K
}

